{"total": {"lines":{"total":1411,"covered":773,"skipped":0,"pct":54.78},"statements":{"total":1411,"covered":773,"skipped":0,"pct":54.78},"functions":{"total":72,"covered":49,"skipped":0,"pct":68.05},"branches":{"total":252,"covered":186,"skipped":0,"pct":73.8},"branchesTrue":{"total":0,"covered":0,"skipped":0,"pct":100}}
,"C:\\Users\\Feli\\Desktop\\pichufy\\agent\\frontend\\src\\router.tsx": {"lines":{"total":18,"covered":0,"skipped":0,"pct":0},"functions":{"total":1,"covered":0,"skipped":0,"pct":0},"statements":{"total":18,"covered":0,"skipped":0,"pct":0},"branches":{"total":1,"covered":0,"skipped":0,"pct":0}}
,"C:\\Users\\Feli\\Desktop\\pichufy\\agent\\frontend\\src\\components\\ChatView.tsx": {"lines":{"total":82,"covered":80,"skipped":0,"pct":97.56},"functions":{"total":7,"covered":7,"skipped":0,"pct":100},"statements":{"total":82,"covered":80,"skipped":0,"pct":97.56},"branches":{"total":34,"covered":29,"skipped":0,"pct":85.29}}
,"C:\\Users\\Feli\\Desktop\\pichufy\\agent\\frontend\\src\\components\\ConfigPanel.tsx": {"lines":{"total":88,"covered":0,"skipped":0,"pct":0},"functions":{"total":1,"covered":0,"skipped":0,"pct":0},"statements":{"total":88,"covered":0,"skipped":0,"pct":0},"branches":{"total":1,"covered":0,"skipped":0,"pct":0}}
,"C:\\Users\\Feli\\Desktop\\pichufy\\agent\\frontend\\src\\components\\MarkdownContent.tsx": {"lines":{"total":191,"covered":0,"skipped":0,"pct":0},"functions":{"total":1,"covered":0,"skipped":0,"pct":0},"statements":{"total":191,"covered":0,"skipped":0,"pct":0},"branches":{"total":1,"covered":0,"skipped":0,"pct":0}}
,"C:\\Users\\Feli\\Desktop\\pichufy\\agent\\frontend\\src\\components\\SessionList.tsx": {"lines":{"total":102,"covered":102,"skipped":0,"pct":100},"functions":{"total":6,"covered":6,"skipped":0,"pct":100},"statements":{"total":102,"covered":102,"skipped":0,"pct":100},"branches":{"total":31,"covered":20,"skipped":0,"pct":64.51}}
,"C:\\Users\\Feli\\Desktop\\pichufy\\agent\\frontend\\src\\components\\UserManagement.tsx": {"lines":{"total":30,"covered":0,"skipped":0,"pct":0},"functions":{"total":1,"covered":0,"skipped":0,"pct":0},"statements":{"total":30,"covered":0,"skipped":0,"pct":0},"branches":{"total":1,"covered":0,"skipped":0,"pct":0}}
,"C:\\Users\\Feli\\Desktop\\pichufy\\agent\\frontend\\src\\components\\layout\\Topbar.tsx": {"lines":{"total":18,"covered":0,"skipped":0,"pct":0},"functions":{"total":1,"covered":0,"skipped":0,"pct":0},"statements":{"total":18,"covered":0,"skipped":0,"pct":0},"branches":{"total":1,"covered":0,"skipped":0,"pct":0}}
,"C:\\Users\\Feli\\Desktop\\pichufy\\agent\\frontend\\src\\components\\ui\\Avatar.tsx": {"lines":{"total":16,"covered":0,"skipped":0,"pct":0},"functions":{"total":1,"covered":0,"skipped":0,"pct":0},"statements":{"total":16,"covered":0,"skipped":0,"pct":0},"branches":{"total":1,"covered":0,"skipped":0,"pct":0}}
,"C:\\Users\\Feli\\Desktop\\pichufy\\agent\\frontend\\src\\components\\ui\\Badge.tsx": {"lines":{"total":12,"covered":9,"skipped":0,"pct":75},"functions":{"total":1,"covered":1,"skipped":0,"pct":100},"statements":{"total":12,"covered":9,"skipped":0,"pct":75},"branches":{"total":4,"covered":1,"skipped":0,"pct":25}}
,"C:\\Users\\Feli\\Desktop\\pichufy\\agent\\frontend\\src\\components\\ui\\Button.tsx": {"lines":{"total":35,"covered":35,"skipped":0,"pct":100},"functions":{"total":0,"covered":0,"skipped":0,"pct":100},"statements":{"total":35,"covered":35,"skipped":0,"pct":100},"branches":{"total":0,"covered":0,"skipped":0,"pct":100}}
,"C:\\Users\\Feli\\Desktop\\pichufy\\agent\\frontend\\src\\components\\ui\\Card.tsx": {"lines":{"total":11,"covered":0,"skipped":0,"pct":0},"functions":{"total":1,"covered":0,"skipped":0,"pct":0},"statements":{"total":11,"covered":0,"skipped":0,"pct":0},"branches":{"total":1,"covered":0,"skipped":0,"pct":0}}
,"C:\\Users\\Feli\\Desktop\\pichufy\\agent\\frontend\\src\\components\\ui\\Input.tsx": {"lines":{"total":11,"covered":0,"skipped":0,"pct":0},"functions":{"total":1,"covered":0,"skipped":0,"pct":0},"statements":{"total":11,"covered":0,"skipped":0,"pct":0},"branches":{"total":1,"covered":0,"skipped":0,"pct":0}}
,"C:\\Users\\Feli\\Desktop\\pichufy\\agent\\frontend\\src\\components\\ui\\Separator.tsx": {"lines":{"total":3,"covered":0,"skipped":0,"pct":0},"functions":{"total":1,"covered":0,"skipped":0,"pct":0},"statements":{"total":3,"covered":0,"skipped":0,"pct":0},"branches":{"total":1,"covered":0,"skipped":0,"pct":0}}
,"C:\\Users\\Feli\\Desktop\\pichufy\\agent\\frontend\\src\\components\\ui\\Tag.tsx": {"lines":{"total":18,"covered":0,"skipped":0,"pct":0},"functions":{"total":1,"covered":0,"skipped":0,"pct":0},"statements":{"total":18,"covered":0,"skipped":0,"pct":0},"branches":{"total":1,"covered":0,"skipped":0,"pct":0}}
,"C:\\Users\\Feli\\Desktop\\pichufy\\agent\\frontend\\src\\components\\ui\\Textarea.tsx": {"lines":{"total":11,"covered":11,"skipped":0,"pct":100},"functions":{"total":0,"covered":0,"skipped":0,"pct":100},"statements":{"total":11,"covered":11,"skipped":0,"pct":100},"branches":{"total":0,"covered":0,"skipped":0,"pct":100}}
,"C:\\Users\\Feli\\Desktop\\pichufy\\agent\\frontend\\src\\constants\\permissions.ts": {"lines":{"total":23,"covered":23,"skipped":0,"pct":100},"functions":{"total":1,"covered":1,"skipped":0,"pct":100},"statements":{"total":23,"covered":23,"skipped":0,"pct":100},"branches":{"total":3,"covered":3,"skipped":0,"pct":100}}
,"C:\\Users\\Feli\\Desktop\\pichufy\\agent\\frontend\\src\\hooks\\usePermission.ts": {"lines":{"total":5,"covered":5,"skipped":0,"pct":100},"functions":{"total":1,"covered":1,"skipped":0,"pct":100},"statements":{"total":5,"covered":5,"skipped":0,"pct":100},"branches":{"total":3,"covered":3,"skipped":0,"pct":100}}
,"C:\\Users\\Feli\\Desktop\\pichufy\\agent\\frontend\\src\\pages\\AppHome.tsx": {"lines":{"total":385,"covered":275,"skipped":0,"pct":71.42},"functions":{"total":28,"covered":16,"skipped":0,"pct":57.14},"statements":{"total":385,"covered":275,"skipped":0,"pct":71.42},"branches":{"total":89,"covered":64,"skipped":0,"pct":71.91}}
,"C:\\Users\\Feli\\Desktop\\pichufy\\agent\\frontend\\src\\pages\\Landing.tsx": {"lines":{"total":65,"covered":0,"skipped":0,"pct":0},"functions":{"total":1,"covered":0,"skipped":0,"pct":0},"statements":{"total":65,"covered":0,"skipped":0,"pct":0},"branches":{"total":1,"covered":0,"skipped":0,"pct":0}}
,"C:\\Users\\Feli\\Desktop\\pichufy\\agent\\frontend\\src\\pages\\appHomeText.ts": {"lines":{"total":28,"covered":28,"skipped":0,"pct":100},"functions":{"total":0,"covered":0,"skipped":0,"pct":100},"statements":{"total":28,"covered":28,"skipped":0,"pct":100},"branches":{"total":0,"covered":0,"skipped":0,"pct":100}}
,"C:\\Users\\Feli\\Desktop\\pichufy\\agent\\frontend\\src\\services\\chat.ts": {"lines":{"total":108,"covered":100,"skipped":0,"pct":92.59},"functions":{"total":6,"covered":6,"skipped":0,"pct":100},"statements":{"total":108,"covered":100,"skipped":0,"pct":92.59},"branches":{"total":40,"covered":31,"skipped":0,"pct":77.5}}
,"C:\\Users\\Feli\\Desktop\\pichufy\\agent\\frontend\\src\\services\\http.ts": {"lines":{"total":21,"covered":21,"skipped":0,"pct":100},"functions":{"total":1,"covered":1,"skipped":0,"pct":100},"statements":{"total":21,"covered":21,"skipped":0,"pct":100},"branches":{"total":13,"covered":13,"skipped":0,"pct":100}}
,"C:\\Users\\Feli\\Desktop\\pichufy\\agent\\frontend\\src\\services\\mocks.ts": {"lines":{"total":46,"covered":0,"skipped":0,"pct":0},"functions":{"total":1,"covered":1,"skipped":0,"pct":100},"statements":{"total":46,"covered":0,"skipped":0,"pct":0},"branches":{"total":1,"covered":1,"skipped":0,"pct":100}}
,"C:\\Users\\Feli\\Desktop\\pichufy\\agent\\frontend\\src\\services\\sessions.ts": {"lines":{"total":39,"covered":39,"skipped":0,"pct":100},"functions":{"total":4,"covered":4,"skipped":0,"pct":100},"statements":{"total":39,"covered":39,"skipped":0,"pct":100},"branches":{"total":13,"covered":11,"skipped":0,"pct":84.61}}
,"C:\\Users\\Feli\\Desktop\\pichufy\\agent\\frontend\\src\\state\\user-store.ts": {"lines":{"total":42,"covered":42,"skipped":0,"pct":100},"functions":{"total":4,"covered":4,"skipped":0,"pct":100},"statements":{"total":42,"covered":42,"skipped":0,"pct":100},"branches":{"total":9,"covered":9,"skipped":0,"pct":100}}
,"C:\\Users\\Feli\\Desktop\\pichufy\\agent\\frontend\\src\\utils\\cn.ts": {"lines":{"total":3,"covered":3,"skipped":0,"pct":100},"functions":{"total":1,"covered":1,"skipped":0,"pct":100},"statements":{"total":3,"covered":3,"skipped":0,"pct":100},"branches":{"total":1,"covered":1,"skipped":0,"pct":100}}
}
